2024-09-26T06:29:51.689Z [INFO]: Reading binary data from: /Users/mo/Desktop/Code/gitProjects/ingeniumSTEM_Hacks/app/test_parsing/Compilers_Principles_Techniques_and_Tools_(2nd Edition).pdf
2024-09-26T06:29:51.717Z [INFO]: Parsing file at path: /Users/mo/Desktop/Code/gitProjects/ingeniumSTEM_Hacks/app/test_parsing/Compilers_Principles_Techniques_and_Tools_(2nd Edition).pdf
2024-09-26T06:29:51.718Z [ERROR]: Error in parsing and saving PDF: processPDF is not a function
2024-09-26T06:29:53.463Z [INFO]: Text extracted from PDF
2024-09-26T06:29:53.463Z [INFO]: PDF processing completed successfully
2024-09-26T06:29:53.471Z [INFO]: Parsed text written to file parsed_text.txt
2024-09-26T06:32:20.651Z [INFO]: Reading binary data from: /Users/mo/Desktop/Code/gitProjects/ingeniumSTEM_Hacks/app/test_parsing/Compilers_Principles_Techniques_and_Tools_(2nd Edition).pdf
2024-09-26T06:32:20.668Z [INFO]: Parsing file at path: /Users/mo/Desktop/Code/gitProjects/ingeniumSTEM_Hacks/app/test_parsing/deeplearningbook.org_contents_part_basics.html.pdf
2024-09-26T06:32:20.669Z [ERROR]: Error in parsing and saving PDF: processPDF is not a function
2024-09-26T06:32:22.397Z [INFO]: Text extracted from PDF
2024-09-26T06:32:22.397Z [INFO]: PDF processing completed successfully
2024-09-26T06:32:22.406Z [INFO]: Parsed text written to file parsed_text.txt
2024-09-26T06:32:38.946Z [INFO]: Reading binary data from: /Users/mo/Desktop/Code/gitProjects/ingeniumSTEM_Hacks/app/test_parsing/Compilers_Principles_Techniques_and_Tools_(2nd Edition).pdf
2024-09-26T06:32:38.963Z [INFO]: Parsing file at path: /Users/mo/Desktop/Code/gitProjects/ingeniumSTEM_Hacks/app/test_parsing/deeplearningbook.org_contents_part_basics.html.pdf
2024-09-26T06:32:38.963Z [ERROR]: Error in parsing and saving PDF: processPDF is not a function
2024-09-26T06:32:40.693Z [INFO]: Text extracted from PDF
2024-09-26T06:32:40.693Z [INFO]: PDF processing completed successfully
2024-09-26T06:32:40.702Z [INFO]: Parsed text written to file parsed_text.txt
2024-09-27T03:33:35.359Z [INFO]: Reading binary data from: /Users/mo/Desktop/Code/gitProjects/ingeniumSTEM_Hacks/app/test_parsing/Compilers_Principles_Techniques_and_Tools_(2nd Edition).pdf
2024-09-27T03:33:35.386Z [INFO]: Parsing file at path: /Users/mo/Desktop/Code/gitProjects/ingeniumSTEM_Hacks/app/test_parsing/deeplearningbook.org_contents_part_basics.html.pdf
2024-09-27T03:33:35.387Z [ERROR]: Error in parsing and saving PDF: processPDF is not a function
2024-09-27T03:33:37.265Z [INFO]: Text extracted from PDF
2024-09-27T03:33:37.265Z [INFO]: PDF processing completed successfully
2024-09-27T03:33:37.275Z [INFO]: Parsed text written to file parsed_text.txt
2024-09-27T03:34:04.951Z [INFO]: Reading binary data from: /Users/mo/Desktop/Code/gitProjects/ingeniumSTEM_Hacks/app/test_parsing/Compilers_Principles_Techniques_and_Tools_(2nd Edition).pdf
2024-09-27T03:34:04.975Z [INFO]: Parsing file at path: /Users/mo/Desktop/Code/gitProjects/ingeniumSTEM_Hacks/app/test_parsing/deeplearningbook.org_contents_part_basics.html.pdf
2024-09-27T03:34:04.975Z [ERROR]: Error in parsing and saving PDF: processPDF is not a function
2024-09-27T03:34:06.864Z [INFO]: Text extracted from PDF
2024-09-27T03:34:06.864Z [INFO]: PDF processing completed successfully
2024-09-27T03:34:06.872Z [INFO]: Parsed text written to file parsed_text.txt
2024-09-27T03:35:51.209Z [INFO]: Reading binary data from: /Users/mo/Desktop/Code/gitProjects/ingeniumSTEM_Hacks/app/test_parsing/Compilers_Principles_Techniques_and_Tools_(2nd Edition).pdf
2024-09-27T03:35:51.234Z [INFO]: Parsing file at path: /Users/mo/Desktop/Code/gitProjects/ingeniumSTEM_Hacks/app/test_parsing/deeplearningbook.org_contents_part_basics.html.pdf
2024-09-27T03:35:51.234Z [ERROR]: Error in parsing and saving PDF: processPDF is not a function
2024-09-27T03:35:53.093Z [INFO]: Text extracted from PDF
2024-09-27T03:35:53.093Z [INFO]: PDF processing completed successfully
2024-09-27T03:35:53.102Z [INFO]: Parsed text written to file parsed_text.txt
